Using pre-set license
Built from '2020.3/staging' branch; Version is '2020.3.19f1 (68f137dc9bbe) revision 6877495'; Using compiler version '192528614'; Build Type 'Release'
OS: 'Windows 10 Education; OS build 19044.1586; Version 2009; 64bit' Language: 'en' Physical Memory: 65339 MB
BatchMode: 1, IsHumanControllingUs: 0, StartBugReporterOnCrash: 0, Is64bit: 1, IsPro: 0

COMMAND LINE ARGUMENTS:
C:\Program Files\Unity\Hub\Editor\2020.3.19f1\Editor\Unity.exe
-adb2
-batchMode
-noUpm
-name
AssetImportWorker0
-projectPath
C:/Users/tc7446a/OneDrive - University of Greenwich/Documents/GitHub/TSOD
-logFile
Logs/AssetImportWorker0.log
-srvPort
56201
Successfully changed project path to: C:/Users/tc7446a/OneDrive - University of Greenwich/Documents/GitHub/TSOD
C:/Users/tc7446a/OneDrive - University of Greenwich/Documents/GitHub/TSOD
Using Asset Import Pipeline V2.
Refreshing native plugins compatible for Editor in 36.48 ms, found 2 plugins.
Preloading 0 native plugins for Editor in 0.00 ms.
Initialize engine version: 2020.3.19f1 (68f137dc9bbe)
[Subsystems] Discovering subsystems at path C:/Program Files/Unity/Hub/Editor/2020.3.19f1/Editor/Data/Resources/UnitySubsystems
[Subsystems] Discovering subsystems at path C:/Users/tc7446a/OneDrive - University of Greenwich/Documents/GitHub/TSOD/Assets
GfxDevice: creating device client; threaded=0
Direct3D:
    Version:  Direct3D 11.0 [level 11.1]
    Renderer: NVIDIA GeForce RTX 3080 (ID=0x2216)
    Vendor:   
    VRAM:     10078 MB
    Driver:   30.0.14.7212
Initialize mono
Mono path[0] = 'C:/Program Files/Unity/Hub/Editor/2020.3.19f1/Editor/Data/Managed'
Mono path[1] = 'C:/Program Files/Unity/Hub/Editor/2020.3.19f1/Editor/Data/MonoBleedingEdge/lib/mono/unityjit'
Mono config path = 'C:/Program Files/Unity/Hub/Editor/2020.3.19f1/Editor/Data/MonoBleedingEdge/etc'
Using monoOptions --debugger-agent=transport=dt_socket,embedding=1,server=y,suspend=n,address=127.0.0.1:56572
Begin MonoManager ReloadAssembly
Registering precompiled unity dll's ...
Register platform support module: C:/Program Files/Unity/Hub/Editor/2020.3.19f1/Editor/Data/PlaybackEngines/WebGLSupport/UnityEditor.WebGL.Extensions.dll
Register platform support module: C:/Program Files/Unity/Hub/Editor/2020.3.19f1/Editor/Data/PlaybackEngines/WindowsStandaloneSupport/UnityEditor.WindowsStandalone.Extensions.dll
Registered in 0.001469 seconds.
Native extension for WindowsStandalone target not found
Native extension for WebGL target not found
Refreshing native plugins compatible for Editor in 37.61 ms, found 2 plugins.
Preloading 0 native plugins for Editor in 0.00 ms.
Mono: successfully reloaded assembly
- Completed reload, in  1.537 seconds
Domain Reload Profiling:
	ReloadAssembly (1538ms)
		BeginReloadAssembly (40ms)
			ExecutionOrderSort (0ms)
			DisableScriptedObjects (0ms)
			BackupInstance (0ms)
			ReleaseScriptingObjects (0ms)
			CreateAndSetChildDomain (1ms)
		EndReloadAssembly (352ms)
			LoadAssemblies (39ms)
			RebuildTransferFunctionScriptingTraits (0ms)
			SetupTypeCache (123ms)
			ReleaseScriptCaches (0ms)
			RebuildScriptCaches (25ms)
			SetupLoadedEditorAssemblies (145ms)
				LogAssemblyErrors (0ms)
				InitializePlatformSupportModulesInManaged (4ms)
				SetLoadedEditorAssemblies (0ms)
				RefreshPlugins (38ms)
				BeforeProcessingInitializeOnLoad (13ms)
				ProcessInitializeOnLoadAttributes (65ms)
				ProcessInitializeOnLoadMethodAttributes (25ms)
				AfterProcessingInitializeOnLoad (0ms)
				EditorAssembliesLoaded (0ms)
			ExecutionOrderSort2 (0ms)
			AwakeInstancesAfterBackupRestoration (0ms)
Platform modules already initialized, skipping
Registering precompiled user dll's ...
Registered in 0.003037 seconds.
Begin MonoManager ReloadAssembly
Native extension for WindowsStandalone target not found
Native extension for WebGL target not found
Refreshing native plugins compatible for Editor in 39.13 ms, found 2 plugins.
Preloading 0 native plugins for Editor in 0.00 ms.
Mono: successfully reloaded assembly
- Completed reload, in  0.979 seconds
Domain Reload Profiling:
	ReloadAssembly (980ms)
		BeginReloadAssembly (117ms)
			ExecutionOrderSort (0ms)
			DisableScriptedObjects (4ms)
			BackupInstance (0ms)
			ReleaseScriptingObjects (0ms)
			CreateAndSetChildDomain (17ms)
		EndReloadAssembly (814ms)
			LoadAssemblies (73ms)
			RebuildTransferFunctionScriptingTraits (0ms)
			SetupTypeCache (252ms)
			ReleaseScriptCaches (0ms)
			RebuildScriptCaches (38ms)
			SetupLoadedEditorAssemblies (334ms)
				LogAssemblyErrors (0ms)
				InitializePlatformSupportModulesInManaged (3ms)
				SetLoadedEditorAssemblies (0ms)
				RefreshPlugins (39ms)
				BeforeProcessingInitializeOnLoad (63ms)
				ProcessInitializeOnLoadAttributes (217ms)
				ProcessInitializeOnLoadMethodAttributes (7ms)
				AfterProcessingInitializeOnLoad (4ms)
				EditorAssembliesLoaded (0ms)
			ExecutionOrderSort2 (0ms)
			AwakeInstancesAfterBackupRestoration (5ms)
Platform modules already initialized, skipping
========================================================================
Worker process is ready to serve import requests
Launched and connected shader compiler UnityShaderCompiler.exe after 0.05 seconds
Refreshing native plugins compatible for Editor in 0.50 ms, found 2 plugins.
Preloading 0 native plugins for Editor in 0.00 ms.
Unloading 2233 Unused Serialized files (Serialized files now loaded: 0)
System memory in use before: 120.1 MB.
System memory in use after: 120.2 MB.

Unloading 22 unused Assets to reduce memory usage. Loaded Objects now: 2697.
Total: 2.786400 ms (FindLiveObjects: 0.245800 ms CreateObjectMapping: 0.120100 ms MarkObjects: 2.326300 ms  DeleteObjects: 0.093300 ms)

AssetImportParameters requested are different than current active one (requested -> active):
  custom:framework-win-MediaFoundation: 216162199b28c13a410421893ffa2e32 -> 
  custom:video-decoder-ogg-theora: a1e56fd34408186e4bbccfd4996cb3dc -> 
  custom:container-muxer-webm: aa71ff27fc2769a1b78a27578f13a17b -> 
  custom:container-demuxer-webm: 4f35f7cbe854078d1ac9338744f61a02 -> 
  custom:container-demuxer-ogg: 62fdf1f143b41e24485cea50d1cbac27 -> 
  custom:video-encoder-webm-vp8: eb34c28f22e8b96e1ab97ce403110664 -> 
  custom:video-decoder-webm-vp8: 9c59270c3fd7afecdb556c50c9e8de78 -> 
  custom:audio-decoder-ogg-vorbis: bf7c407c2cedff20999df2af8eb42d56 -> 
  custom:audio-encoder-webm-vorbis: bf7c407c2cedff20999df2af8eb42d56 -> 
========================================================================
Received Import Request.
  path: Assets/SebBProject/Blackboard.fbx
  artifactKey: Guid(37ec02b29e2c30947b64b13aeb3b10cb) Importer(815301076,1909f56bfc062723c751e8b465ee728b)
Start importing Assets/SebBProject/Blackboard.fbx using Guid(37ec02b29e2c30947b64b13aeb3b10cb) Importer(815301076,1909f56bfc062723c751e8b465ee728b)  -> (artifact id: '7dc65f410c8be661d5a57e705d292d86') in 0.123205 seconds 
  Import took 0.126405 seconds .

========================================================================
Received Import Request.
  Time since last request: 0.000248 seconds.
  path: Assets/SamiProject/FBX models/Building_Winows.fbx
  artifactKey: Guid(9ffdc83a0d3f33d469926442de6794cb) Importer(815301076,1909f56bfc062723c751e8b465ee728b)
Start importing Assets/SamiProject/FBX models/Building_Winows.fbx using Guid(9ffdc83a0d3f33d469926442de6794cb) Importer(815301076,1909f56bfc062723c751e8b465ee728b)  -> (artifact id: '5c8f1aace2f8545c9bb33076d98701e4') in 0.035149 seconds 
  Import took 0.038457 seconds .

========================================================================
Received Import Request.
  Time since last request: 0.000199 seconds.
  path: Assets/SamiProject/FBX models/Small_window_Curtains.fbx
  artifactKey: Guid(684a76dc9ec0b88449e30d0bf63a98e6) Importer(815301076,1909f56bfc062723c751e8b465ee728b)
Start importing Assets/SamiProject/FBX models/Small_window_Curtains.fbx using Guid(684a76dc9ec0b88449e30d0bf63a98e6) Importer(815301076,1909f56bfc062723c751e8b465ee728b)  -> (artifact id: 'b0cfd71f4ed80182d87e412e1d121e4d') in 0.052633 seconds 
  Import took 0.056619 seconds .

========================================================================
Received Import Request.
  Time since last request: 0.000271 seconds.
  path: Assets/SebBProject/BlackboardGame2.fbx
  artifactKey: Guid(ff0cbfcb8b32f9245ac1d08e521b3e9c) Importer(815301076,1909f56bfc062723c751e8b465ee728b)
Start importing Assets/SebBProject/BlackboardGame2.fbx using Guid(ff0cbfcb8b32f9245ac1d08e521b3e9c) Importer(815301076,1909f56bfc062723c751e8b465ee728b)  -> (artifact id: '2beedeca332d64d92a90380087bb437c') in 0.048252 seconds 
  Import took 0.051680 seconds .

========================================================================
Received Import Request.
  Time since last request: 0.000143 seconds.
  path: Assets/SamiProject/FBX models/Right_Staircase.fbx
  artifactKey: Guid(d06634b1732ce934eb32e97b5ec50886) Importer(815301076,1909f56bfc062723c751e8b465ee728b)
Start importing Assets/SamiProject/FBX models/Right_Staircase.fbx using Guid(d06634b1732ce934eb32e97b5ec50886) Importer(815301076,1909f56bfc062723c751e8b465ee728b)  -> (artifact id: '4e9e61477a2e1f556499d456ce7866be') in 0.032346 seconds 
  Import took 0.035356 seconds .

========================================================================
Received Import Request.
  Time since last request: 0.000147 seconds.
  path: Assets/SebBProject/BookShelf.fbx
  artifactKey: Guid(2238a684ea0aadb4cb770f9ee0a9bfbb) Importer(815301076,1909f56bfc062723c751e8b465ee728b)
Start importing Assets/SebBProject/BookShelf.fbx using Guid(2238a684ea0aadb4cb770f9ee0a9bfbb) Importer(815301076,1909f56bfc062723c751e8b465ee728b)  -> (artifact id: 'a369ff8167897a499c154429bf60b836') in 0.014950 seconds 
  Import took 0.017825 seconds .

========================================================================
Received Import Request.
  Time since last request: 0.000151 seconds.
  path: Assets/SamiProject/FBX models/Entrance_Doors.fbx
  artifactKey: Guid(9df0bcce04b983741a15bc6baa1dc479) Importer(815301076,1909f56bfc062723c751e8b465ee728b)
Start importing Assets/SamiProject/FBX models/Entrance_Doors.fbx using Guid(9df0bcce04b983741a15bc6baa1dc479) Importer(815301076,1909f56bfc062723c751e8b465ee728b)  -> (artifact id: 'bbf5816d8e58f6755b56c6cfa4bbb739') in 0.022280 seconds 
  Import took 0.025313 seconds .

========================================================================
Received Import Request.
  Time since last request: 0.000227 seconds.
  path: Assets/SamiProject/FBX models/School_Building.fbx
  artifactKey: Guid(e93ffff33292ea04c9ff34e2057019cd) Importer(815301076,1909f56bfc062723c751e8b465ee728b)
Start importing Assets/SamiProject/FBX models/School_Building.fbx using Guid(e93ffff33292ea04c9ff34e2057019cd) Importer(815301076,1909f56bfc062723c751e8b465ee728b)  -> (artifact id: '0955305b1b49c1cef2977756e1e8087a') in 0.049426 seconds 
  Import took 0.053322 seconds .

========================================================================
Received Import Request.
  Time since last request: 0.000165 seconds.
  path: Assets/SebBProject/BlackBoard Game.fbx
  artifactKey: Guid(1b0dbda60b6256a4d8936ac9de0cb9f6) Importer(815301076,1909f56bfc062723c751e8b465ee728b)
Start importing Assets/SebBProject/BlackBoard Game.fbx using Guid(1b0dbda60b6256a4d8936ac9de0cb9f6) Importer(815301076,1909f56bfc062723c751e8b465ee728b)  -> (artifact id: '09bcadfc9d1a4f58ed58ff28e03b396f') in 0.044716 seconds 
  Import took 0.047988 seconds .

========================================================================
Received Import Request.
  Time since last request: 0.000169 seconds.
  path: Assets/SebBProject/Blackboard2.fbx
  artifactKey: Guid(453827ebb9b3aa047821b6c10866487b) Importer(815301076,1909f56bfc062723c751e8b465ee728b)
Start importing Assets/SebBProject/Blackboard2.fbx using Guid(453827ebb9b3aa047821b6c10866487b) Importer(815301076,1909f56bfc062723c751e8b465ee728b)  -> (artifact id: '37b987d137b08eee4f1222cce6ba72c5') in 0.040485 seconds 
  Import took 0.043970 seconds .

========================================================================
Received Import Request.
  Time since last request: 0.000204 seconds.
  path: Assets/SebBProject/Chair.fbx
  artifactKey: Guid(f128fcf331cdf4b4480d621796bd49e0) Importer(815301076,1909f56bfc062723c751e8b465ee728b)
Start importing Assets/SebBProject/Chair.fbx using Guid(f128fcf331cdf4b4480d621796bd49e0) Importer(815301076,1909f56bfc062723c751e8b465ee728b)  -> (artifact id: 'b75274317e53c15991f5088c5b319fbe') in 0.106231 seconds 
  Import took 0.109641 seconds .

========================================================================
Received Import Request.
  Time since last request: 0.000160 seconds.
  path: Assets/SamiProject/FBX models/Left_Staircase.fbx
  artifactKey: Guid(b5b857c251d78c545998f30265789a41) Importer(815301076,1909f56bfc062723c751e8b465ee728b)
Start importing Assets/SamiProject/FBX models/Left_Staircase.fbx using Guid(b5b857c251d78c545998f30265789a41) Importer(815301076,1909f56bfc062723c751e8b465ee728b)  -> (artifact id: 'dc93bc024ab9ddb1e3462dcb2e9bfa0b') in 0.033636 seconds 
  Import took 0.036584 seconds .

========================================================================
Received Import Request.
  Time since last request: 0.000247 seconds.
  path: Assets/SamiProject/FBX models/Bench.fbx
  artifactKey: Guid(44c9ac387eb5dc342895ad335ef5c68c) Importer(815301076,1909f56bfc062723c751e8b465ee728b)
Start importing Assets/SamiProject/FBX models/Bench.fbx using Guid(44c9ac387eb5dc342895ad335ef5c68c) Importer(815301076,1909f56bfc062723c751e8b465ee728b)  -> (artifact id: '2481c5b3a7e66d09796905ca33c860a4') in 0.016665 seconds 
  Import took 0.019647 seconds .

========================================================================
Received Import Request.
  Time since last request: 0.000227 seconds.
  path: Assets/SamiProject/FBX models/Entrance_Lockers.fbx
  artifactKey: Guid(c7755262df216694d93195c06288a991) Importer(815301076,1909f56bfc062723c751e8b465ee728b)
Start importing Assets/SamiProject/FBX models/Entrance_Lockers.fbx using Guid(c7755262df216694d93195c06288a991) Importer(815301076,1909f56bfc062723c751e8b465ee728b)  -> (artifact id: 'd718ab42b155ea13748ddef3e5a7ada3') in 0.016408 seconds 
  Import took 0.019487 seconds .

========================================================================
Received Import Request.
  Time since last request: 0.000170 seconds.
  path: Assets/SebBProject/Floor.fbx
  artifactKey: Guid(20154d6f75efd4546bd70bd5f26dd5bf) Importer(815301076,1909f56bfc062723c751e8b465ee728b)
Start importing Assets/SebBProject/Floor.fbx using Guid(20154d6f75efd4546bd70bd5f26dd5bf) Importer(815301076,1909f56bfc062723c751e8b465ee728b)  -> (artifact id: '77d35d35542e75245fddfbbb0b46c359') in 0.048993 seconds 
  Import took 0.052722 seconds .

========================================================================
Received Import Request.
  Time since last request: 0.000159 seconds.
  path: Assets/SamiProject/FBX models/Roof_Fence.fbx
  artifactKey: Guid(95017d628006af24abaeeaa2728540d7) Importer(815301076,1909f56bfc062723c751e8b465ee728b)
Start importing Assets/SamiProject/FBX models/Roof_Fence.fbx using Guid(95017d628006af24abaeeaa2728540d7) Importer(815301076,1909f56bfc062723c751e8b465ee728b)  -> (artifact id: '4e948e34ce1ae779c234b824ffd0c642') in 0.014429 seconds 
  Import took 0.017337 seconds .

========================================================================
Received Import Request.
  Time since last request: 0.000217 seconds.
  path: Assets/SebBProject/Chair1.fbx
  artifactKey: Guid(2fc0cc5d21dc8d449ba869a9a90f6a9f) Importer(815301076,1909f56bfc062723c751e8b465ee728b)
Start importing Assets/SebBProject/Chair1.fbx using Guid(2fc0cc5d21dc8d449ba869a9a90f6a9f) Importer(815301076,1909f56bfc062723c751e8b465ee728b)  -> (artifact id: '7daba19dde5644a9d4609694f07de0ca') in 0.074675 seconds 
  Import took 0.077916 seconds .

========================================================================
Received Import Request.
  Time since last request: 0.000200 seconds.
  path: Assets/SamiProject/FBX models/Middle_Staircase.fbx
  artifactKey: Guid(be8807bcdfbf8c448a2516e74511fec0) Importer(815301076,1909f56bfc062723c751e8b465ee728b)
Start importing Assets/SamiProject/FBX models/Middle_Staircase.fbx using Guid(be8807bcdfbf8c448a2516e74511fec0) Importer(815301076,1909f56bfc062723c751e8b465ee728b)  -> (artifact id: '093ad1c43b529500b93371a4990e8b90') in 0.020817 seconds 
  Import took 0.023976 seconds .

========================================================================
Received Import Request.
  Time since last request: 0.000226 seconds.
  path: Assets/SebBProject/ChairGame.fbx
  artifactKey: Guid(4c09ef933cb3291499ea2d80f3d54ec8) Importer(815301076,1909f56bfc062723c751e8b465ee728b)
Start importing Assets/SebBProject/ChairGame.fbx using Guid(4c09ef933cb3291499ea2d80f3d54ec8) Importer(815301076,1909f56bfc062723c751e8b465ee728b)  -> (artifact id: 'dd321dc941deec53e8a37675c26a94d5') in 0.080685 seconds 
  Import took 0.083733 seconds .

========================================================================
Received Import Request.
  Time since last request: 0.000222 seconds.
  path: Assets/SamiProject/FBX models/Large_window_Curtains.fbx
  artifactKey: Guid(85652206d90de3e4daede64ce78e720d) Importer(815301076,1909f56bfc062723c751e8b465ee728b)
Start importing Assets/SamiProject/FBX models/Large_window_Curtains.fbx using Guid(85652206d90de3e4daede64ce78e720d) Importer(815301076,1909f56bfc062723c751e8b465ee728b)  -> (artifact id: 'c1232427f44e918790ae25fb553d37a2') in 0.022702 seconds 
  Import took 0.026010 seconds .

AssetImportWorkerClient::OnTransportError - code=2 error=End of file
